   INFO: Torrent: {b'announce': b'http://tracker.amazonaws.com:6969/announce',
 b'announce-list': [[b'http://tracker.amazonaws.com:6969/announce']],
 b'info': {b'length': 52761894,
           b'name': b'Zulip-1.3.0-beta-mac.zip',
           b'piece length': 262144,
           b'pieces': b'\xb6\x10aL:Rj7\x99\xf6~\x1f\x9dO\x06Q\xf96h]\x96o\xa5w'
                      b'gW2\xc7\x83\xc6\xbf\x1d\x04%\xef\xa0\xcbbkB\xb2lL\x8b'
                      b'\xa9`EP\xaa\xe7\xde\x06\xc8{\xa3\t\x7f\xdc.\xf3'
                      b"+\x02=\xfb{-\x99`4\xda\x81\xc0\xdd\xcc'F1Z\xac\x95"
                      b'\xd8N5D\x80\x15\xa4\x07mbJW\x0f1E\xab;\xd5i\xbc'
                      b'\xd5\x04\xfe\xeclimJ2\xce$&}\xb7\xd3\xe4\xb2.\xee_'
                      b'\xdcZ(\xaa*\x83\x0cl~\xb6\nT\xb6\xd7\x90\x84\\)T\xe8'
                      b'\x15>\xb5\xd4\x95\n\x99\xee\x01XV\x80"\x90\na'
                      b'\xe8\x1b_\xb0\x1d\x14#D\xa0Z\x15\xbd`hb\x8f\\I\x1f\x87'
                      b'\xe8\xa4\xb7\x92?\xbd<\x02\x8aK)\xf6}\x08Y\xd4'
                      b'v\x19\xa4\xb2\x0f\x7fX\xc1_i@\xb5\xa2\xf7\xe7\x8e'
                      b'\xb2:U\x0c\xadYW\xf42\xeec\x12\xd0\xdf\xce\xa0Kj3\x04'
                      b'M\x9c\xee\xe0I!\x1cE{5\xef\xc6\xac\x91\\\xd2\x0eKF\xf5'
                      b'\xfew\x86\xfe\xff\x97Z\xd0\xeb$Ol\xf0\xa1s\xa2'
                      b'\xeb\n\xbf#\xca\xa1\x999EK!g#\x1d\xdc\xb4b\xe7R\xde'
                      b"\xfa$'\xb1\xf0kCG\x10>i--\xf06g\xfbu'\x1e%t\x1d\x88"
                      b"\xe2\x0c\xadV\xe0G\x07\x80le\x11\xf8N8\x1f\x1df'%k"
                      b'\xc6\xf2(."\xc4\x95\x91\x9b\xfa\xfc\x0e\x025\x08x'
                      b'.\xc2\xddV\xb1\xec\xfa\xff\xaa.8\x8c\xe0L\xbaS'
                      b'+\xe9\xbd\xd8\xfeKT\x88Q\xb3\xbe\xa9\xc88\x1f\x14'
                      b'3[S\xba\x00\x1e\xff\xba\xc9\xf4+!%\xab\x83b"\xa1@\xbe'
                      b'u\xe8\x96G\xde\xf7)\x12\xe5[A0\x91F\n9\xc9\xcb\xf5\x7f'
                      b'Y\x05\xd4\xe9\xe8\x18\xef+\xb0S\xbaCH\x1c\x9b\xf1'
                      b'\xecEx,\x80\xf3\x1f\x12\xd3g\xfc\tbo& ms\xb7\xfe'
                      b'\xcf\xb0\x8d\xbe\x9b}\xe0\x19\xa3\x8c\xdf\x9d'
                      b'\xae\x1cz\xd1\x9c\xca\xc4\xe0W\xf6\xf6Z\t[ME'
                      b'\xec9\x86\xc2a7\xd6\x13\x89\x94\x95\x9d%f1!'
                      b'X\xbb\xa7\xe1@!\xb6{Y*\x17\xcev\x835\x05\xdfV\xd3\x13'
                      b'\t\x89\xb7\xbd?\x19\x89r\xb6-\xfe\xef\xc1\x0fc\xb4'
                      b'\x91\xe9(\x8bDS\xe4\xca\x19\xda\xbd\xde\x03\xb5\xa0d'
                      b'\xfa\xb7\xbb\xfd\x8c\xce4\xabW\xf7\xd0\x94\x93G\x80\x96'
                      b'\x9a\xe2\x9byd\x9ePA\x8bq$\x00&\x9e\xbe\xea\x11\n<\x8c'
                      b'\xc3\xf0\xd1\x85X1\xe0\xe9@T\xda\xca\x15\xd8\x87\x1b'
                      b'\x00\xccy\xf8\xc9J\x08,O\x98\xf6\x86\xb2\xfe\x10\xa0'
                      b'\x8cK\x9cg\xa8\xc1\xa0.v\xc6\xca\xf9\xd3\xd6B\xd8'
                      b'_\x89\x83\xba\xa7\xcb\xdbQ&Yr\x198\x8c\xaeyt\xfd\xa8:'
                      b'\xb7\xe1\xab\xc7\xf3](\xfa\xd1\xf1\xf3A\xc4RW\xcc'
                      b'\x88*\x1d\xbf\xa2+p]\xcd\xe4\x12\xe1\xd9,W\x8d'
                      b'4\xb8\xb0C>\xd5:\x01`"\xaf\xe1\xb3L\xbb\xa4 \xec\xa0q'
                      b'\x86\x87\r#%\x02\xff\x1d\xd5\x9a\x98M5\x1a\x1c?'
                      b"\x99\xaee]k~B'\xd8bE\xd76\x1e\xc0\xcf\xda\x19\x13q"
                      b'\xf9\xa5\x9e\xbb\xec\x7f\x8c\xd0\xf7c\xf5\x0e\xe0&:\xab'
                      b'[\x0f\xe9\x1b\xc9\xe7$\x85\xf9\x87-\xdem\x89\xfc\xcf'
                      b'\x99s\xe2w`jL\xec\xba\xbd\x8d<\xcaX5z\xd8\xebqg'
                      b'\xa5\xa0\x03Y\xd7\xf6s\x1e\xac\x92\xbe\xdf\x06Xg\xba'
                      b'\x8b\xa4s\x14\xda.6\xfe\x08\xe9\xea;\xcc\xf2V\xbc'
                      b'R\xe1\x94GF\xab\xae\x1b\x13\xfe\xd2\xb1F\n\xec\xd8'
                      b'g\xae\xe8\xca\xd0\xb1\xd3\xb0\x06\x97\xbb\x17'
                      b'\xba\xac\xe9>y\xc7\xd2*y\xf9\x05]>8\x81\xf5'
                      b'\x82C\xa1\xdc\x0b\t\xd2\x91\xba\xfa<K\xaa\x19\xee\x87'
                      b'\xef\x9c\x9e\xc2\x01o\xbagG>\x9f\xb1\xf8\xdet\xb3'
                      b'c\xac\xcf\xc8\x9f>\x036\x8dj3\r)\xa18\xf1C\x8e\xb1\x03'
                      b'\xa1\xb1*\x98\xc6nZF\xbbM\xf10f5\x98q\x96!\x03\x99'
                      b'\xb5\xa8\xc3\xcc\xd3\xb2\x95 g\\\xe3 \x931^\xe8'
                      b's\xf7\xc1\xa0\xf4\x9bV8T\x99*\xed\xa8\xe8w\xb1'
                      b'\xcez~\x887)\xc3u\xe5c\xd4\xa6z\x1a\x7f\xe3'
                      b'\xff\x1f_\xffR\x9e/\xa8\xc7\x8a\xb7P^\x18\x9do'
                      b'\r^\xb0\x9cE\xfc\xb9\xbc\x18fN\xc9\xa4[*\xb9'
                      b'\x14\r\xfb\x84\x9f\x87h-\xec\x1d\xbb\r)\xc0\x905'
                      b'\xd4D\xb9\xd0?s1u\xb9S\xc8|\x84\xcb\xa8\xcb'
                      b'\xbaz\xff\xc5\xdb\xfc\xdaE\x9dO\x87\xdb\x8f\x94\xc5l'
                      b'\xaa\x8e`\xc4\x0e\x07O\x94\xf2\xb8p\x92`\xa2\xc5\x08'
                      b'\xb37\xc4E\xb6\x9b\xdc\xeaf+\xf9xW\xf9K\xc9'
                      b'?\xb3\x9c\x9d}\x92\x95\xd6D\x03\xb0\xd0\xddH\xbe\xf2'
                      b'\xa8\xbb\xf0\x0b\x1c\xb7\xd3\xd2\xcc\xf8\xba\x9c'
                      b'\xbe\t\xac?M:\xcf\x84p[*ue\xc7\x9c;\xb7\x02\xe9\x81'
                      b'S\x8cS\xa9\x0b\xd3\xdc]\xd5\x1d\xfd\\\xe1\x7f\x95\xe4'
                      b'\x80tL^e\x11\xc0\x1a\xfb\xf3\x13xL,\x9a\nj\xa2,\xa0'
                      b'\x18\xee\xa7\xbe\xde\xe4\xe4)A\xacU\xdc\xc6Z>`'
                      b'\xfb\xb6DZ\xd3\xf0Gi2;\xfe\xa6\x02\x11\xb7\x91'
                      b'\xf8\xccC\xb9=\xe9\x89|A\x12(\xc7B8\xa0\xeb'
                      b'\x1d\xaf\xf5|%\x91$X\xed\x8d\x80\x153R\xe5\x06'
                      b'\xe6\xf6\x18v\x12\xdc0a\xab!\x95\xda\xb6f\xea{zK\x1ej'
                      b'\x1f\xbe\xef\x18\x8c\xb3e;\xed\xd8\t\xf7\xd4\xf8\x96s'
                      b'-\xdb\xb9z\xb8G\x12&\xb6\xd5\x08\xff\x85$\xfd\xb3'
                      b'\xa9\xa6I\xe6\x95\xb2\xa1zBk\xe6\x8c\xd8\xc6\xfa\x04'
                      b'\x17T\xb8\x1e\x9dV\xba\x84\x17\x8d\xb5\xc7'
                      b'\x92\xa3\xe2\xac\x11\xbc\x8ea1\xa3\xd6\x13\x1d\xe3\x8eY'
                      b'D\x83\xdf\xe2\x87\xff\xdaRH&?\x8f\xfd\xe3\xa6L'
                      b'\xa9.~\x01\x97^\x10(m\xf3\xa4d\t\xbb\xf8B\x17\xcb\xb0g'
                      b"{v\x0cY\x81y\xe1\x18\xd8\xe44'\x88]\x06n\x1c\xe6~Y"
                      b'\t\x8b\x13\x16\x9e\n\xdd\x144w\xa5\xebZ\xa6\x02Z'
                      b'\xa7\x8aP\x96\xdc!\xa0\xe3vSn\xdcM\xfdt\x15'
                      b'\xc1\xd2\xe8\x90>\xea-\xc5\x88\t\xb1\x85\xa0U\xc4N'
                      b'\x92:\xee\x7f\xac\xb6\x8a\n\xcf\xf135\xf0\xb1\x93\x9b'
                      b'\x90\xa2\xc2\x17WKN\xe8H8\x87\xad\xc1\xe5\x7f\xf2'
                      b'\xf9M\x19\xf1\xb4\t6\xb1\xf6t\xd8\xbcY\xcbB\xbf/\x7fHp'
                      b'\xeb]8}i\x98>\xa2\xe2\x19\x9e\xfb$\xc4\x19F:\xde\x837'
                      b'+\xbd\x9b3\x82L\x1c6\xb6n\xc4\x1f\xab\xe0\xa1i'
                      b'\xb8\xab\xd3\x9a\x04\x13t\x0f\xdeCh\x85W\xe4,\xdf'
                      b't\xefIE5b\x1exl\x9ci\x06\xa7\xaa\xa5m\x99; \xf2'
                      b'*\x08j\xf9\x07\xa4p\xe6\xa0G\xdc3\xbdH\xec\xa1'
                      b'e\xdb\x03\xd1N1T\x9f\xe6\xdd\xff\xb8]\xa9\xc7)'
                      b'\xab_\xecT`]G\x0c\x9e\xd9~\x05\x10\x00m\x11'
                      b'\xc0\xf6o\xa6\xafas\xd06\xf2\n\xcbA\xa9\xd0\xbd'
                      b'\xc2G\x84\x96\x02\xc0i\xe4URP\x9c\x9cG\x9c\t{0H\xe6'
                      b'\x8fSO\x80\x111\xc4<&\xaef3\xcciY\x0bE\x80\xe6\x87'
                      b'h\xd3\xae\xb7N]\xdc\xd2\xba\x00\x1c\xf3g&\xc2\x85'
                      b"\x8e'\xd2\xd9\xdc\x02Bd\x9d\xc4|zW\n2\xc3ei8\xd1"
                      b'h\xf9\x9d\x83\xac_\xb4R\xf00\xb8\xbfT\xd7\xc0\xcd'
                      b'\xd5jRPS\xba\xedg\xed$\x9fk\xbf\xbdl\xa3\xbf\xb5\r\n'
                      b'_\x85\xb1\x81~\xb4E\x0b7\x94\xbe@\xad\xa7>.n\x8aS$'
                      b"\xfc/J\x9dR's\xfew\xa1ll\xcc\x9aH\xc9\xf6\x9f\x1d\x90"
                      b'\x8b\x02\xa8\xdf\xfe\xf3\xc2\x0f\xa2\x14\xe0\xaa]/\xf3X'
                      b'&\x8e\x10\xd6\xfa\xa4\xbe\xfay\x94\xf8\xe6F\xe0P\xab'
                      b'\xa9\x1b0R\x14\xdf}\x1f\xbd\xff\x98\xb9\xda\x95\xb1\xdd'
                      b'\xca%\x95\x0f\xd1\xb3\xea\xa8}\x08\xaca\x86\xbeU\x14'
                      b'Z\xe5\xc5,\xd2\xa7\xba\xf3\xacP\xd0K\xcf\xe4m\x80'
                      b'M\xc5n\xb9\x88.\xd8`\x17\xbc\xda\x80\xc1\xf1k\xba'
                      b'D@ \xf1+\x87q\x93~\x1e\xf65\xb3,\xf0e\xb1\x0b\x14\xe6'
                      b'\x88\xb3\xc7\xd2\xb1\x83<-@\xa4{\xd9\x7f\xc1D.'
                      b'R\xe3p\xd2\x84r\xad\x8a\x07\xf5g\xb0JN\x83p'
                      b'\xff\xf6M\x83\xb6\x18\x16,\xe10\x92\xecV\xc8&p'
                      b'\xee\xdb\x01`\xd9\xa5\x19\xe1\x04c\xafp5\xfd\x7f\xd6'
                      b'\xd5\xe9\xc6/\xeb\x19\xbeyI\xd2P\xad\x10\xf2\x1aC'
                      b'%\x7f\x05\xd9u\xa0\x99\x1b\xb0esk\x05,}\x88/\nN\xf9'
                      b"\xfc\x9e\xc3\x12\xf1e\x9cH\xad\xe5\x11'r\xceJ\xb9"
                      b'\xe3\xb2\x90l=\x87^\xe6\x18O\xb2,\xc7\xa6`r'
                      b'\x02\xa4\xb3J\xa0\xf5\xdf\xc1\xef\x8f\xb6\xd9'
                      b'\x00\x81\xb4\x0e\x00\xd6\x0e\x8b>+\x80\xee'
                      b'\x86\x9e\x9f\xdc\x9c\x05D\xac\x1a\xd8\xb0\xc0GH\x18\x8b'
                      b'S\x0bn;Val\xc48$\xc85YCv\xb4eK\xad\xb3\x99\xb5\xe3>'
                      b'z\xdc\xba\x1b\x05\xd7\xae\xa4DK\xd0U8\x8a\xfb1'
                      b'\xec\x18\x82\x10?\x13\xc8\x990\x18q\xd7\xfb$\x82\xa1'
                      b'\xb3\xd8\x80\xff/\x1b\x13\xa9\x14\xc5\xb9!\x99F\xa4\xcb'
                      b'\x04TC\xe7\x90|\x96\xc1!]\xa7\xf9\xcd9p\xf3&x\x8a~'
                      b'\xdc\xfbw\xa26\xc9s\x8eIgR\x17\x04\x1a\xad\xfa'
                      b"'\x80j\xa7\x1c\xd5\xd7\x94`\x8epi\x8c\xa9k\xa8"
                      b'Z|\x0b\xb48\x12\xb4\xde-%R\x08=\xc35\xa7'
                      b'\x83\xc3\x80\xa0\tC\xcdo\x11\x85\x98L\x9fM\xa2\xed'
                      b'\xdeV\xca\xfd\xb5\x17\xec\xfc\xc9\xc4\xba]\xef\xddBw'
                      b'\x9a\xce\xf2\xb5g1\x7f\xbb:\x8c\x87\x17O\xb3\x7f\x17'
                      b'\xa2\x8f\xbc\x02\x1f\xa0\x05O\xc9\x9d\x11\x1c'
                      b'\xc3\xa4\xe4A\xf1\x08\x9d\xdaij\x199\xc5]\xc2#7L$&'
                      b'$\xe2\x04ga\x9fMlM\x18b\xa9#\x0ca}\xaa\xbf\x18\x93'
                      b'\x14[f}\x1b\xb7\xa6\xe6\x10\xe1\xbc<\xbf>\xaa\x89'
                      b'bA\xadS\xab$\x104*\xfe\xa2\xce-\xea\xedw\xf7s\x06+'
                      b'\xf6\xe7]\xeb3\x81\xbf7\x15~*\xa3K1.\x8a\x10:\xd5\x8a'
                      b'\x93\xec\xc4\x95O\n\x02\xedF\xb2~\x14\xe9&|x\xdb\xf5Nq'
                      b'f\xeayV\xd8\xa0(\xb6)}\xff_X\xd4\xf9\x8ci\x93\x08\x9b'
                      b'\x9fr\xe2!;\x9e\xc1Z\x1bX\x83\xb1mR<i\x08\x00$\x92'
                      b'\x14\x08\n,X\x88@\xafiIy\xa2\xb0\xfcU\x0c\x1e\x93\x98k'
                      b'\x18\xf4:\x89\x11\xccaj\xac\xc2\x87\xa4\xd5\x99{$'
                      b'\x00\xc0\xd5\xb8\x7fL\x7f\x14-;\xa8\x8c_\x04\x98w'
                      b'\xcc\xb7\n\x94aH\x18<\xb0\xdf\xcc$\xcfsr\xb8'
                      b'\xb9\xd8\x102\xcd\x9d\xbd\xcbc:i|\xe7iX\x9b\xee\x17|G'
                      b'T[\xa0Z\x0e\x03\xf3\xc6\x9f\xa0\xf6+_f\xcam'
                      b'\xb8\xb1\xa5\xb4\x14T5@\xec\xe2\x19\xdd\xe9\xc6>\xbd'
                      b'\xb6\xa5m\n\xab\xcf\xe88\xaf\xb9\xb4>\x87\xd4z\x8f'
                      b'\x18S\x84\xbaE%\xed\x08\xa7\xc1\xaa \x11\x9fZ\xb6'
                      b"\n0\xc3\x0c5\x91M}:\xa76'\xe2\xda\x9d\xb2\x8c@\x86\xba"
                      b'\xaf\xf50\xdb\x82\x17q%a\xb8S)\xf7\x98\xae\xe1'
                      b'\xe1`H\xce\x95\x1c\x8b\x92\xca\x02\x13F\x88\xee"\xd5'
                      b"\xf6y\xf9\x1a%\xe8\xf5\xf3\x90L\x80$'\xe5m\x9a"
                      b'S\x15\x85\x8c\xee!\xb7\x8eS\x14\xc6fz-\xd5I'
                      b'\xf9@\xf6\x8b\xb6\xd4\x07L\x11,@%\xf8\xe8[]'
                      b'.\xc5\xa9\xe7\xff\xbcV\x1b\x97\xe8T\xfa\x89\xe2+6'
                      b'\xef?\xeb\x0c\xc0t\x92<E9\xf1\xbaD\x85\xe3I'
                      b'{\x1d\xc8\x8e\x11Z\x9c\x87\xa4\xaeR%\x97\x0c\x0c\xad'
                      b'\xa67\xb4c\x81\x06\x02c\x84\xdb\xc4\xfeX\x02m<'
                      b'\xb07\x15\xd4\x98\xeaO\xba\xcc\x0em\x00e\x96\xbav'
                      b'\xa8\xbc\x1c\xa0\xe6\xae\xc5\xc7U\xdf\xfbS'
                      b'\x1e\xf5\xce\xe6\xdc>e\xf6\xea4\xdf\xf4C\xd1\x91\xb4'
                      b'J\x0f\x0bX8l\xa9\x16YZ\x03}7v\xb1Wm~\xcd\xa2\xf9`m\xee'
                      b'\xa5\x88p\xfd\xd5\xc1\xf1\x15K\xed\xb0\x93\x03\xb8\x13s'
                      b'5\xc1*?R\xbf\xf9\x86\x94\x8b\xf0;\xf8\x83\x87A'
                      b'\x8e\x89\xe9\x93\xe8J\xd3\xe6h\x01\xa1\xa7\xe1\xddC\x8c'
                      b'\xa8\x84\xab\xe5\xc3\xd0Y9\xaf\xe9\x13~\x99r\x9d-'
                      b'rd\x8b\xe9\xc9u\x95M\xd6E\xca|_\x97p\xd4h\x13\xcdz'
                      b'\xd1F1\x81\xd5\xa9\x81\t\xa0N\x10\xcb9E\xba\xe6'
                      b'M\xa1\x96\x83\xc3\xa9\xf2\x81t\x1e\x0cd\\\x082\x86'
                      b' 8\x81\x92\x1a\x91\xd2\n\xa0\xe6t\xf51Lqr;kj*'
                      b'e\xa9\x87\x82\xcd\xb7XW$y\xf6tX\xa6\xdd\xb9'
                      b'\xbb\xb9H\xfe\xa5\xf1\xa4\x1d$\xf3\xedp\xa03\xc4K'
                      b'\xc48]\xfd\xa6\t\xba\xa0\xef\xf7pbt\xae\xb1.V#1E\xfeN{9'
                      b'u\xadO\x16\xc9X\xefzXA\xf3Q\xf0\xad\xf1t\xf2=\x14*'
                      b'\xde\x0c\xbc \x0f!\xbc\xfa\xd3\xb7.\xf0\x15\x03`d'
                      b'Hq\x9e}\x98d\xbeMgx,pqA\xcb\t\xfd1\xfb\x80\x92\xe0\x8dF'
                      b'\xc6\xca\xae\x9c?Y.30\xf7W\xef\x13nZ|\xfa|\xb6J'
                      b'\xaaZ{\x05\x99b1\xd1\xbbW%[_\x10Hc\xe9!\x021K\x8b4N'
                      b'\xbe\x11\xcdc\x9fI\xf2}\x81\xc7\xbe\x94\xaa\r\xf0\xda'
                      b'\xc4\x8ab\x7f/\xb0yG\x9fa:($\x8b\xa2X\x06\xcf\x1a\xa1'
                      b'H\x10hal_8\xc2\x85\x0fW\x18\x00\x08Q\x8b\xd2$<\x1c'
                      b'\x9d\xcb,\xd4\xfe1\x96\xc4\x06\xdc\xb4\x7f\xd0\x98\xfee'
                      b'\xce;\xd5ci\xf0\xf6;w?*\x13`\t\xe7\x99Y[\xff\x8e'
                      b'\xa9m\x8cQ\xc2\x08\x95\xd9\xc0\xcdC}cnw\xfa'
                      b'"\x04\x97\xbfF<G\x11\x06\x9d\xf8h\xd2\xbe\xf8\xb8'
                      b'\xc5\xb5\r\x95\xd91\xaa\x8b\xa6\xaf\x19FW\x1f\x00\xc2'
                      b'\xad&\x8f\ts\xb6\xa9f\x86-\x8d\xa2\x07\x83pt\x08\xbfLn'
                      b'G.\xf7I\xae\x7f:X\xc7\x9d\x01\xf2\x04J\xe3\x1e@\xff4U'
                      b'zC\xc5#9\x00$\xe7,\x15ME\x1bp\xc9\xca\x9d[\xf3\xb1'
                      b'BKD\xdf\x8b\x0e\xe0\xee\x8a/\x82a-IE\x12\xab\xfc6\xce'
                      b'!\x01?\x01Db\xa5V\x87ff]\xa6\xbd\x00c\x99\x91\x1e\xa5'
                      b',Y\xf0\xa6\xee\x1ad\xe1@wdg\xe8{\xf8\xb40\xca\xd4M'
                      b',|\xc2N\xaa\x83X\xe1\xc0\xbeN.\xa2~re\x08\x8b\xfe$'
                      b'\xc3\xfd\x1f\x9e\x0f\xf9\xc8\x8b\xc9\r\xfc\x92'
                      b'\xa1l\x9d\x13\x14\x8e\x97\x83\x10-\x83\xf2EL\xc2.'
                      b'\xa3\x1e\x83y\xc1\n\xc6\xc1\xf6\x17C\xf08\xfc\x1d`'
                      b'\xf2W\xb7/\x97\n \xe8ap;\x19\x12\x9f\x05\x1b=@\xd8\xc1'
                      b'\xef_\x9f\x0f\xd0\x96\xe0\xfc\xf8\xe8\xa1\xd6'
                      b'\xbf\xc3P\xf3\x19\x8aWr\xe6\xc4\xca\xc5\xef\x8f\xf2\xe4'
                      b'<\xc1\xdd)t\x92\x8d\x92B\x94\xb4!h\xdes\xb8'
                      b'\xc5U\xa0\x02\xbc\xfb\x99I}\xee*\x0c\xb4H\xd4\x0c'
                      b'0\x07<\xc4\xa5,\xf8\xe1\x9f}.sl\x13w\n\x9c\x94\x00\x9c'
                      b'\x98N\xf8r\xfb\xa0z\xf5\x94\x0b\x99\x82\xbd7P\x02'
                      b'\xa9\xa7\xa9\x15\xa2_b\xe7\x99\xa3\x10\x83_J|\xc1'
                      b'\xf1\x0e\x9e\xf5\xe6\xd9m\xa5(T\xd7\xf0\xd9\x9ac\xb8'
                      b"f\xcej\xd9\xd82\x10'p}1/\x10\xa2L\xf7\xeeaM\xadW\x15em"
                      b'\x15\x97\xa3\x1cNz\x9c>\xbf)\xa1\x9f\xf3\x01S\x17'
                      b'\xb7,\xf09p\x9d\x0f\xae}\xd6R\xd4\xe8q\xd3`'
                      b'\x90\xb4\x1a\xf9\x0fG\x89\x94\x90E?\xec<\x06b\x19'
                      b'\xb8\xe4\x9c\xe6#Z\xe2\x86\xfe74\x81T\xdb\x92\x06'
                      b'\x88\x08b\x08\xcd\x03\xac\x05\xd1\xb5_q\x00\xf7+W'
                      b'\xbf.j\xc3\xdf;\xf0\xba\xd9\xc5\xc3K\x03Q\xee\xa3'
                      b'2\xba\x1dm\x16\xc5\xffc\x89u8}\x17\xa6~^]\x83\xa0\xe9'
                      b'\xa4t!\x99H\x82\x01\x91\xa71\x95\x90`\x95Su'
                      b'N\x9e\xff\xe5\x0b\xbeo\xa6\x1c\x14\x93\xa0'
                      b'\xd1\x84\x80\xf6E>\xa7\xbc\xfe\x89?\x88D\xb1M\x91'
                      b'.\x03\x16+0}\xdc(]\x12\x17@/r\xad\xe5\xba"\xf7\xd3'
                      b"\x0b0\xe9N\x07\x94\x9dF\x98\xc2\rd)\x97\x0f'Q\xb4NM"
                      b'`\x0b\xa7\xc6\xdc\x19\xaa\xa7\x93h\xe8\x1a\x88rA\x89'
                      b'\x19D\xbb\xea6\xe8\xcb\xd8\xaa\x9e\xfdd\xee\xf0V\xed'
                      b'\x01\xe6<\t\x83,$\\4\xa8p"sy\x85\x8b\xc1\x08\xd1\x96'
                      b'\x03MM\xf3\xda\xab\x9e\x8c\xc5t\xf5\xa3\xf6\xbf\xbb&'
                      b'\x0b\xbaIT\xaf\x00j\xb7\x0f\x14Q\x81\rJ\x1a\x01\x97V]W'
                      b'\xbd\xe8\x86[\xce\xc2\xcd\x8d\xb8L:8QT\xfa\xc5'
                      b'\xf5\x8cFc\x8a+\xcaR\xfa\xb5\xa4\xf6\xb3`\x1bL'
                      b'\xf0Y\x18=\x1aKj\xc2\xdfs\x05\xc49I\n\xd2'
                      b'\x8d\xf4\xd4\xf9"\xb6\xf6\xf37"QSJ\x02\xb08'
                      b'\x91 \xce\xb6N\xe11cF\xea$\xbd\xdb\x07\xfe\x87'
                      b'I\x11\xb0\xbb)L:\x85\xf0\xb8\x93s\xec=\xc6&'
                      b'\x07n\xf2\xc8\xfd\x98\xd38\xdf^\xad\xba\xbeY\xbf1'
                      b'\x1b}\x19(\x88^\xb2$A>"\x10?\xbc\xfd@\x8ayN\xb6'
                      b'\x08\xe5\x03\xd6\xccc\xcbu\x0e\xe4\xe2\xbf',
           b'x-amz-bucket': b'zulip-fission',
           b'x-amz-key': b'Zulip-1.3.0-beta-mac.zip'}}
   INFO: Tracker response: <ClientResponse(http://tracker.amazonaws.com:6969/announce?info_hash=%1DI%27%E9%09%9Bo%9F%FF%180S%C6%A9%5C4%C0%89rC&peer_id=SA37ploqae7c941hncxz&compact=1&no_peer_id=0&event=started&port=59696&uploaded=0&downloaded=0&left=52761894) [200 OK]>
<CIMultiDictProxy('Pragma': 'no-cache', 'Content-Type': 'text/plain', 'Content-Length': '140', 'Date': 'Mon, 02 Oct 2017 18:51:16 GMT', 'Server': 'AmazonS3')>

   INFO: Tracker response data: b'd8:completei0e10:incompletei13e8:intervali30e5:peers84:D\xad\x17\xf1\xe90D\xad\x17\xf1\xe90D\xad\x17\xf1\xe90D\xad\x17\xf1\xe90D\xad\x17\xf1\xe90D\xad\x17\xf1\xe90D\xad\x17\xf1\xe90D\xad\x17\xf1\xe90D\xad\x17\xf1\xe90D\xad\x17\xf1\xe90D\xad\x17\xf1\xe90D\xad\x17\xf1\xe90D\xad\x17\xf1\xe906\xef\x1e\xc5\x1a\xe1e'
   INFO: Tracker response data bdecoded: {b'complete': 0, b'incomplete': 13, b'interval': 30, b'peers': b'D\xad\x17\xf1\xe90D\xad\x17\xf1\xe90D\xad\x17\xf1\xe90D\xad\x17\xf1\xe90D\xad\x17\xf1\xe90D\xad\x17\xf1\xe90D\xad\x17\xf1\xe90D\xad\x17\xf1\xe90D\xad\x17\xf1\xe90D\xad\x17\xf1\xe90D\xad\x17\xf1\xe90D\xad\x17\xf1\xe90D\xad\x17\xf1\xe906\xef\x1e\xc5\x1a\xe1'}
   INFO: Self addr is: 192.168.99.1
   INFO: [Peers] {'[Peer 54.239.30.197:6881]', '[Peer 68.173.23.241:59696]'}
   INFO: [Peer 54.239.30.197:6881] Sending handshake
   INFO: [Peer 54.239.30.197:6881] Read from peer: b'\x00\x00\x00\x1b\x05\xff\xff\xff\xff\xff\xff\xff\xff\xff\xff\xff\xff\xff\xff\xff\xff\xff\xff\xff\xff\xff\xff\xff\xff\xff\xc0\x00\x00\x00\x01\x01'
   INFO: Buffer len(36) is b'\x00\x00\x00\x1b\x05\xff\xff\xff\xff\xff\xff\xff\xff\xff\xff\xff\xff\xff\xff\xff\xff\xff\xff\xff\xff\xff\xff\xff\xff\xff\xc0\x00\x00\x00\x01\x01'
   INFO: [Message] Bitfield: b'\xff\xff\xff\xff\xff\xff\xff\xff\xff\xff\xff\xff\xff\xff\xff\xff\xff\xff\xff\xff\xff\xff\xff\xff\xff\xc0'
   INFO: [[Peer 54.239.30.197:6881]] Generating blocks for Piece: <Piece: 0 Blocks: 16>
   INFO: [[Peer 54.239.30.197:6881]] Request Block: [Block (0, 0, 16384)]
   INFO: [Message] UNCHOKE
   INFO: [[Peer 54.239.30.197:6881]] Request Block: [Block (1, 16384, 16384)]
   INFO: Buffer is too short
   INFO: [Peer 54.239.30.197:6881] Read from peer: b'\x00\x00@\t\x07\x00\x00\x00\x00\x00\x00\x00\x00PK\x03\x04\x14\x03\x00\x00\x00\x00\xe7|/K\x00\x00\x00\x00\x00\x00\x00\x00\x00\x00\x00\x00\n\x00\x00\x00Zulip.app/PK\x03\x04\x14\x03\x00\x00\x00\x00\xeb|/K\x00\x00\x00\x00\x00\x00\x00\x00\x00\x00\x00\x00\x13'
   INFO: Buffer len(1461) is b'\x00\x00@\t\x07\x00\x00\x00\x00\x00\x00\x00\x00PK\x03\x04\x14\x03\x00\x00\x00\x00\xe7|/K\x00\x00\x00\x00\x00\x00\x00\x00\x00\x00\x00\x00\n\x00\x00\x00Zulip.app/PK\x03\x04\x14\x03\x00\x00\x00\x00\xeb|/K\x00\x00\x00\x00\x00\x00\x00\x00\x00\x00\x00\x00\x13'
   INFO: [Peer 54.239.30.197:6881] Read from peer: b'\xf6\x99\xa6Z\xb8\x9cw\xe11\xe5\xc5\x98.\xe7\xd5\xe3\xf1d\xec\xd2\x82\xfe\x1dxJxy\xa6+\xe2\x99\xc8\xc0\x06\xcf\xbf\xea\xcf\x08\xef%\xd3\x15\xcdW-\xc8\x0b\xa1\xbb\xd5\xcay\xef)\xaf\xbaO\xc7\xa2yl\x91\xcby\x9f)\xef\xf8\x17\xaa+\xf3\xcf\x82\x1a\x829+\xc8'
   INFO: Buffer len(5841) is b'\x00\x00@\t\x07\x00\x00\x00\x00\x00\x00\x00\x00PK\x03\x04\x14\x03\x00\x00\x00\x00\xe7|/K\x00\x00\x00\x00\x00\x00\x00\x00\x00\x00\x00\x00\n\x00\x00\x00Zulip.app/PK\x03\x04\x14\x03\x00\x00\x00\x00\xeb|/K\x00\x00\x00\x00\x00\x00\x00\x00\x00\x00\x00\x00\x13'
   INFO: [Peer 54.239.30.197:6881] Read from peer: b'!9x?\x99\xb3\xc4;\x9f\xde\xfb\x90\xe1\x87Y\xcaC\xa5\x88\x93\x1b\x10\xa0\xc5\xf8\xc7\xc9@\xad,\x94\x13\xae^\xe8\x85\xcf\xc7=\xffz\xa7\xe7\xeb\xcc\xc2\x80xxl\x96\xe6<\xcd\x16\xf5\x89&q\xeaw\xd6X0\xe1c\x83\xd2z\xfd\xa4\xad%\xf4\x9d}\x0e*e\xff'
   INFO: Buffer len(7301) is b'\x00\x00@\t\x07\x00\x00\x00\x00\x00\x00\x00\x00PK\x03\x04\x14\x03\x00\x00\x00\x00\xe7|/K\x00\x00\x00\x00\x00\x00\x00\x00\x00\x00\x00\x00\n\x00\x00\x00Zulip.app/PK\x03\x04\x14\x03\x00\x00\x00\x00\xeb|/K\x00\x00\x00\x00\x00\x00\x00\x00\x00\x00\x00\x00\x13'
   INFO: [Peer 54.239.30.197:6881] Read from peer: b'\xdb\xc4uF\x13\xb7\x99\'\x9bX\x8d7\xa5\x1f\xecMy#\x9b%5"2\x04\xa1$L=\xc2\x06\xed\xf9r\x81\xe7@\x05P\xad\xdfk/.\xc2\xa0L\xd4q#*E\xe8\xf9\xbb\xa3\xdb\xefh\x1a\xe5\xd0\x8f\x83\x9a&\xb9)7\xd6g\xfc3\x08ke\x87\xf3\xe1\xe9\x80'
   INFO: Buffer len(14601) is b'\x00\x00@\t\x07\x00\x00\x00\x00\x00\x00\x00\x00PK\x03\x04\x14\x03\x00\x00\x00\x00\xe7|/K\x00\x00\x00\x00\x00\x00\x00\x00\x00\x00\x00\x00\n\x00\x00\x00Zulip.app/PK\x03\x04\x14\x03\x00\x00\x00\x00\xeb|/K\x00\x00\x00\x00\x00\x00\x00\x00\x00\x00\x00\x00\x13'
   INFO: [Peer 54.239.30.197:6881] Read from peer: b'(\x18\x85\xa1p\x14\x82\x92\xd1RT\x8a\xe6\xa2\x9e?\xca\xcb+\xfa\x1dkz\xf59z\xf6]\xf1xK\x9c\x9a\xa0\xf2\xe8o\x8aX\xbfL_\xe7\x82\x85\xd4[\xd4\xd5\x1a\xda\xf5\x9a\xbc\x85\xe4H\x1f\xd3Xmm\xddi>\x82\xc1\x1c\x0b\x08\xd4\xe4\xbfcP\xc2a\xd3\xfb\x1a'
   INFO: Buffer len(17521) is b'\x00\x00@\t\x07\x00\x00\x00\x00\x00\x00\x00\x00PK\x03\x04\x14\x03\x00\x00\x00\x00\xe7|/K\x00\x00\x00\x00\x00\x00\x00\x00\x00\x00\x00\x00\n\x00\x00\x00Zulip.app/PK\x03\x04\x14\x03\x00\x00\x00\x00\xeb|/K\x00\x00\x00\x00\x00\x00\x00\x00\x00\x00\x00\x00\x13'
   INFO: Buffer is reduced to b'\x00\x00@\t\x07\x00\x00\x00\x01\x00\x00@\x00\x9f?\t\xa2\xd5\xdb\xf3\xf2\x9d\x82\xf5M\xc3\xe5_.\xaa\xd9\xf6q\xb1\x8d\xd7\x84\x1c\x12\xe2\xd3z\xef\xca\xa5;5\xeb\xacX\x00\x90\xc0\xd1dJb\x1b\xbe\xfa04\xd3\xf1\x8e\xbf\xb5,f\xbe\xf04\x89,\xcd\xd1t\x11\xe0\xfa\xd1t\xd2\x8f#\x91\xea\x88~]\xfd\x81\xd5\xd2\t\xce.\xe7\xd1_\x88$\xa5\xf8\x81\x9cr\xe1\xac&\xa7\xe0m#\xea\x00D\n\xf9>u\x0e(@\x1dWCo\xfa\x0cg \xc2\xf1)\x19\x0cDm\x99=V\x0b\xe6\x86\x04\xe8\x17_\xfe\xc7Q\x0b\xf9\x92\xffE\x9fNM\x90\x12\x8e\xf4\xfd\x01|Z\xc5\x01\x92!\x9d\x88$\xd7\xc78HI\xc2\xff^\xf8\x7f+6\xba!\x9fa\xa3\x8b\xd9\xca\x1b\xddXn%\t>\xe8Y\xe2rwH\x17\xd1\x1d\x1e\xeb\x0e{=\xf30\x00\xf3\xa0\x1e\x04F\xe2YhJ\ny\xc7\xf2cMw\xe0G\xc8\x1e\xcd\\!\xae\xc6B\x0f\x1e\x8e?x\x0e\xe4g\xf5\x1b\xdf\xff\xac}\x03\xe7\xc9\x9eo\xec\xc03C\x19X(\x08\xd8\xf8\xdd `7|\xbe\xd2\x1a\xe3\xcdDy\xd2v\x7f\xe7+u[\xe8\xd6\xc3\xb77|\xbe2t\xd7\x8d\x9d\xaftnk8_\x89B\x12\xda6\xe1\xd41\xcf\xf9\xca\x86mbY\xb4\x14\xcb\xe2\x8d6\x9e\xf3\x95\xb7wx\xceW^\xd9\xc3<\xca\x89\xe5\x98\xba\xf4|\x9e\xba\x98\x93\x92Gy\x1a \xf0>\x1b`\xb5\xf3\x95)\xdb\xf4L\xca\xe4\x98kn\xf2\x8fE\x06\xc9\xb0\xdb\xe4\x9f\xde-O\x12n\x0f@\xc1\x04g\xfd\xb1\x18/\xd2\xff\xe1\x87]}\x03u\x10\xae\x03\xfc\xcf6\xf5\xd0\xa5\xf3)9\xa2u\xb7y\x0e]nF"\x1f"\x94m\x95l\xce\xe2e\xcc\x065@\x86z\xe8\xf2\xab\x9a\xf7\x94\xc8\xeb\x8b\x0f\xeb\x0f]\xd6\xa9\xf9\xfb\n<,\xd2\xc1!\xf2\xacd\xcbG:\x16)r\xa7_\x16i\xe6\x0e\xdf\x87.\x8bT@\xcf\x00\x10\x97<\xb9C`TM`V\xd5\xfeq\xc0#\xa1\xbd\xc3O\xaa\xf2\xefV_\xb4\x95\x0e5.z8\x86\xe2\x97\x98\xb7\xa0gU<\x8a\xde\xce\x93\xf71J)\x8b\x9b\xf9\xbb>\x16\x8eE\xfe\x02\x8aP\x1b\xbd\x0e\x11\x1e\xf9A\x9c\xbd\xe6\x88s\xe0)\x04\xe6\x8e*\xc1\xc4\xf8\x02\xd3N\x82Y(\xc0t\'0\xb5\xaa\x04S\xdf\x17\x98\x03\xdb\xbdN\xc8/\\\x00\x98\x9c\xa6U\x81\xd9u\xc1\x07\x98\xc5\x12\xcc0\x01f\x03\x81y\xaaJ0o\xfb\x02s\x87\x04\xd3L\x80y\x8e\xc0\xf4\xa8\x12\xcc=\xbe\xc0\xd4\x92`N\x98\x18L,\x81q\x85\xf8\x033\x9d\xe2%\xf8\x02\x93\xb3\x8dWfs\xd71@\xb3\x8fX\x17\xa4\x1e\xe0\xfc\x92\x97m)\xf9@\\<\xb8\xf2\xc71\xcb:\xb3\x9a\xb3\x81r\xd2D\xce\x11\xe4x\x0e}>B\x8ek&\x92\xb7!9r7\xa7\xbdJi\x13\x90\xb6\x1ai\x9e\xd3\xa49\x94\x1cC|4%\x07\xa8\xc9\xf7\xe5\xc9C\xa6tJ\x0eT\x93\x87\xe7\xc9C\xa6\'\x90\xec9{\xea\x89d\xe3\xa5O`\xf7\xee\xdf\'\x89\xbd\xb7v\xba\xaa\xfc[LE8\xc2`\x01\xa3v\xabR\x0c\xd8\xba&U^\xe0d\xdb\x82\x0b\xe7\xb5\x95\xe25r/n\xd5.\xbe\xfc\x8a"\xca\xccj`\xf5\x05\xac\xaf\xfc\xc0\xea+\xb6\xb6wJx\x16\x9ayF\xf4\xce\xef\xd1qR\xbf\xa7\x94h#:\xe0{9\x183J\xf4\xd3r\x0b\x92\x8d|\xc40|Q5\x12\xbd\xfa"\xaf\xf3$\x9d.\xaf\xb6\x85H\xc6{\xb4\x97\xb1)Q\'$\xe7^\xb6\xd8\xd6\xea\xd4\x88D5k\x97HR\x9a\xb3%\xdb"CIfb#I\x97\xd7f\x9d\x81g\x14f\x1e\xc2\x04\xf3pI\xbc\x85\x8a\xb7\xfd\xe2-B\xbc\xfd,\xde\xba\xe3\r\xe1\xa3\xe0W=\x98\x14\xa3\xc2\x8b\x13\x98\r\x8d\xbe\x19\xc39\xaa\xfb\xe0G\x87lf\x18\x12\x91\xcfs:\'F7\xa7\x9d\xc3\x0c\xdc\x84\xfe\t\xff\x17`W\xd1\xc3_\x94m\xa5\xa8\xab\x15\xea}\x06\x85\xca\xd3\xbc\n-\xe6\x91\x19\x95\xc7\x02^Wu\xa4F\x99HX\xe4\xc0\x92\xe0U\xb8O\xecC\x0e\xfd\xdf\x8c\xc1\x9f*\xfd-k\x90\xdf!\xc8\xef\xe9!\xd3\xf5\x84g\x8f\x11T\x82\x93|\x1b5{\xe2\x05\x9bY@\x8c\xd0A\x9c\t\x88\xbc.D\x16\r\x0b\xa7\x8fE:$\xc5_Dr\xa8\x9a<\x08\xc9\x04\xecP1\x80\xc9\xe6\xee\xc0\xf6\nf\x8c\xe7\xa5\x13\xa6\xdf\x87"8O\xc4$\xfb;x\xc6|\x0e \'\xf1\xe3\xaf\xa7=\xf8q`\xbe\x0e?'
Traceback (most recent call last):
  File "torrio.py", line 182, in <module>
    loop.run_until_complete(download(sys.argv[1], '.', loop=loop))
  File "/Users/ahmedabdalla/.pyenv/versions/3.6.0/lib/python3.6/asyncio/base_events.py", line 466, in run_until_complete
    return future.result()
  File "torrio.py", line 170, in download
    for peer in peers
  File "/Users/ahmedabdalla/Code/pygotham/src/peer.py", line 177, in download
    LOG.info('Got piece idx {} begin {}'.format(piece_index, piece_begin))
NameError: name 'piece_index' is not defined
